TN:
SF:index.refactored.js
FN:24,createApp
FN:32,(anonymous_1)
FN:50,(anonymous_2)
FN:55,(anonymous_3)
FN:72,(anonymous_4)
FN:74,(anonymous_5)
FN:85,(anonymous_6)
FNF:7
FNH:3
FNDA:1,createApp
FNDA:1,(anonymous_1)
FNDA:2,(anonymous_2)
FNDA:0,(anonymous_3)
FNDA:0,(anonymous_4)
FNDA:0,(anonymous_5)
FNDA:0,(anonymous_6)
DA:17,1
DA:18,1
DA:25,1
DA:28,1
DA:29,1
DA:32,1
DA:33,1
DA:41,1
DA:44,1
DA:47,1
DA:50,1
DA:51,2
DA:55,1
DA:56,0
DA:57,0
DA:60,1
DA:67,1
DA:68,0
DA:69,0
DA:72,0
DA:73,0
DA:74,0
DA:75,0
DA:76,0
DA:79,0
DA:80,0
DA:85,0
DA:86,0
DA:87,0
DA:88,0
LF:30
LH:15
BRDA:17,0,0,1
BRDA:17,0,1,1
BRDA:18,1,0,1
BRDA:18,1,1,1
BRDA:67,2,0,0
BRDA:67,2,1,1
BRDA:73,3,0,0
BRDA:73,3,1,0
BRF:8
BRH:5
end_of_record
TN:
SF:src/config/database.js
FN:13,createPool
FN:27,testConnection
FNF:2
FNH:1
FNDA:0,createPool
FNDA:4,testConnection
DA:6,2
DA:14,0
DA:28,4
DA:29,4
DA:30,1
DA:32,3
DA:33,3
LF:7
LH:6
BRDA:15,0,0,0
BRDA:15,0,1,0
BRF:2
BRH:0
end_of_record
TN:
SF:src/controllers/authController.js
FN:11,register
FN:12,(anonymous_1)
FN:87,login
FN:88,(anonymous_3)
FN:134,getProfile
FN:135,(anonymous_5)
FN:156,updateProfile
FN:157,(anonymous_7)
FNF:8
FNH:8
FNDA:1,register
FNDA:9,(anonymous_1)
FNDA:1,login
FNDA:7,(anonymous_3)
FNDA:1,getProfile
FNDA:2,(anonymous_5)
FNDA:1,updateProfile
FNDA:1,(anonymous_7)
DA:12,1
DA:13,9
DA:16,9
DA:17,2
DA:20,7
DA:21,1
DA:26,6
DA:27,1
DA:30,5
DA:31,5
DA:32,1
DA:38,4
DA:40,4
DA:41,4
DA:42,1
DA:46,3
DA:49,3
DA:59,2
DA:65,2
DA:67,2
DA:73,1
DA:75,1
DA:76,0
DA:79,1
DA:88,1
DA:89,7
DA:91,7
DA:92,2
DA:95,5
DA:97,5
DA:99,4
DA:100,1
DA:104,3
DA:106,3
DA:107,1
DA:111,2
DA:117,2
DA:119,2
DA:125,1
DA:126,1
DA:135,1
DA:136,2
DA:137,2
DA:138,2
DA:140,2
DA:141,1
DA:144,1
DA:145,1
DA:147,0
DA:148,0
DA:157,1
DA:158,1
DA:159,1
DA:160,1
DA:162,1
DA:168,1
DA:169,0
DA:172,1
DA:173,1
DA:178,0
DA:179,0
LF:61
LH:55
BRDA:16,0,0,2
BRDA:16,0,1,7
BRDA:16,1,0,9
BRDA:16,1,1,8
BRDA:20,2,0,1
BRDA:20,2,1,6
BRDA:26,3,0,1
BRDA:26,3,1,5
BRDA:26,4,0,6
BRDA:26,4,1,2
BRDA:31,5,0,1
BRDA:31,5,1,4
BRDA:41,6,0,1
BRDA:41,6,1,3
BRDA:75,7,0,0
BRDA:75,7,1,1
BRDA:91,8,0,2
BRDA:91,8,1,5
BRDA:91,9,0,7
BRDA:91,9,1,6
BRDA:99,10,0,1
BRDA:99,10,1,3
BRDA:106,11,0,1
BRDA:106,11,1,2
BRDA:140,12,0,1
BRDA:140,12,1,1
BRDA:168,13,0,0
BRDA:168,13,1,1
BRF:28
BRH:26
end_of_record
TN:
SF:src/controllers/rankingController.js
FN:10,getRankingByGame
FN:11,(anonymous_1)
FN:28,getGlobalRanking
FN:29,(anonymous_3)
FNF:4
FNH:4
FNDA:2,getRankingByGame
FNDA:1,(anonymous_1)
FNDA:2,getGlobalRanking
FNDA:1,(anonymous_3)
DA:11,2
DA:12,1
DA:13,1
DA:15,1
DA:16,1
DA:17,0
DA:19,1
DA:20,1
DA:29,2
DA:30,1
DA:32,1
DA:33,1
DA:34,0
DA:36,1
DA:37,1
LF:15
LH:13
BRDA:13,0,0,1
BRDA:13,0,1,1
BRDA:30,1,0,1
BRDA:30,1,1,1
BRF:4
BRH:4
end_of_record
TN:
SF:src/controllers/scoreController.js
FN:10,saveScore
FN:11,(anonymous_1)
FN:82,(anonymous_2)
FN:105,getUserScores
FN:106,(anonymous_4)
FN:150,getGameScores
FN:151,(anonymous_6)
FN:178,(anonymous_7)
FNF:8
FNH:6
FNDA:2,saveScore
FNDA:4,(anonymous_1)
FNDA:0,(anonymous_2)
FNDA:2,getUserScores
FNDA:3,(anonymous_4)
FNDA:2,getGameScores
FNDA:2,(anonymous_6)
FNDA:0,(anonymous_7)
DA:11,2
DA:12,4
DA:13,4
DA:14,4
DA:17,4
DA:18,2
DA:23,2
DA:24,1
DA:30,1
DA:31,1
DA:33,1
DA:34,1
DA:39,0
DA:42,0
DA:50,0
DA:52,0
DA:53,0
DA:60,0
DA:66,0
DA:70,0
DA:79,0
DA:82,0
DA:84,0
DA:93,0
DA:94,0
DA:106,2
DA:107,3
DA:108,3
DA:110,3
DA:111,1
DA:114,2
DA:129,2
DA:131,2
DA:138,0
DA:139,0
DA:151,2
DA:152,2
DA:153,2
DA:154,2
DA:156,2
DA:157,2
DA:162,0
DA:168,0
DA:169,0
DA:176,0
DA:178,0
DA:190,0
DA:191,0
LF:48
LH:26
BRDA:17,0,0,2
BRDA:17,0,1,2
BRDA:17,1,0,4
BRDA:17,1,1,3
BRDA:17,1,2,2
BRDA:23,2,0,1
BRDA:23,2,1,1
BRDA:23,3,0,2
BRDA:23,3,1,2
BRDA:33,4,0,1
BRDA:33,4,1,0
BRDA:50,5,0,0
BRDA:50,5,1,0
BRDA:52,6,0,0
BRDA:52,6,1,0
BRDA:74,7,0,0
BRDA:74,7,1,0
BRDA:87,8,0,0
BRDA:87,8,1,0
BRDA:89,9,0,0
BRDA:89,9,1,0
BRDA:110,10,0,1
BRDA:110,10,1,2
BRDA:154,11,0,2
BRDA:154,11,1,0
BRDA:156,12,0,2
BRDA:156,12,1,0
BRDA:156,13,0,2
BRDA:156,13,1,1
BRDA:168,14,0,0
BRDA:168,14,1,0
BRF:31
BRH:16
end_of_record
TN:
SF:src/middleware/authMiddleware.js
FN:12,authMiddleware
FN:13,(anonymous_1)
FN:37,extractToken
FNF:3
FNH:3
FNDA:9,authMiddleware
FNDA:12,(anonymous_1)
FNDA:5,extractToken
DA:13,9
DA:14,12
DA:16,12
DA:17,4
DA:20,8
DA:22,8
DA:23,8
DA:24,5
DA:25,5
DA:27,3
DA:38,5
DA:40,5
DA:41,2
DA:44,3
LF:14
LH:14
BRDA:16,0,0,4
BRDA:16,0,1,8
BRDA:16,1,0,12
BRDA:16,1,1,9
BRDA:40,2,0,2
BRDA:40,2,1,3
BRDA:40,3,0,5
BRDA:40,3,1,4
BRF:8
BRH:8
end_of_record
TN:
SF:src/repositories/scoreRepository.js
FN:8,obtenerScorePorUsuarioYJuego
FN:22,crearScore
FN:35,actualizarScore
FN:49,obtenerRankingPorJuego
FN:77,obtenerRankingGlobal
FNF:5
FNH:2
FNDA:0,obtenerScorePorUsuarioYJuego
FNDA:0,crearScore
FNDA:0,actualizarScore
FNDA:1,obtenerRankingPorJuego
FNDA:1,obtenerRankingGlobal
DA:9,0
DA:15,0
DA:16,0
DA:23,0
DA:28,0
DA:29,0
DA:36,0
DA:42,0
DA:43,0
DA:50,1
DA:70,1
DA:71,0
DA:78,1
DA:95,1
DA:96,0
LF:15
LH:4
BRDA:28,0,0,0
BRDA:28,0,1,0
BRDA:49,1,0,0
BRDA:77,2,0,0
BRF:4
BRH:0
end_of_record
TN:
SF:src/repositories/userRepository.js
FN:11,crearUsuario
FN:26,obtenerUsuarioPorUsername
FN:38,obtenerUsuarioPorId
FN:51,actualizarUsuario
FNF:4
FNH:4
FNDA:6,crearUsuario
FNDA:12,obtenerUsuarioPorUsername
FNDA:5,obtenerUsuarioPorId
FNDA:7,actualizarUsuario
DA:12,6
DA:13,6
DA:15,6
DA:16,6
DA:17,5
DA:27,12
DA:28,12
DA:29,11
DA:39,5
DA:40,5
DA:41,5
DA:52,7
DA:53,7
DA:60,7
DA:61,7
DA:62,7
LF:16
LH:16
BRDA:12,0,0,6
BRDA:12,0,1,3
BRF:2
BRH:2
end_of_record
TN:
SF:src/routes/authRoutes.js
FN:15,createAuthRoutes
FNF:1
FNH:1
FNDA:1,createAuthRoutes
DA:16,1
DA:19,1
DA:20,1
DA:23,1
DA:24,1
DA:26,1
LF:6
LH:6
BRF:0
BRH:0
end_of_record
TN:
SF:src/routes/rankingRoutes.js
FN:11,createRankingRoutes
FNF:1
FNH:1
FNDA:1,createRankingRoutes
DA:12,1
DA:15,1
DA:18,1
DA:20,1
LF:4
LH:4
BRF:0
BRH:0
end_of_record
TN:
SF:src/routes/scoreRoutes.js
FN:9,createScoreRoutes
FNF:1
FNH:1
FNDA:1,createScoreRoutes
DA:10,1
DA:13,1
DA:16,1
DA:19,1
DA:21,1
LF:5
LH:5
BRF:0
BRH:0
end_of_record
TN:
SF:src/services/authService.js
FN:15,hashPassword
FN:25,comparePassword
FN:36,generateToken
FN:47,verifyToken
FN:56,validateUsername
FN:67,validateEmail
FN:77,validatePassword
FNF:7
FNH:7
FNDA:11,hashPassword
FNDA:5,comparePassword
FNDA:13,generateToken
FNDA:13,verifyToken
FNDA:21,validateUsername
FNDA:15,validateEmail
FNDA:13,validatePassword
DA:8,3
DA:16,11
DA:26,5
DA:37,13
DA:48,13
DA:57,21
DA:58,17
DA:59,14
DA:68,15
DA:69,11
DA:78,13
DA:80,13
DA:81,4
DA:82,4
DA:85,9
DA:86,2
DA:89,9
DA:90,1
DA:93,9
LF:19
LH:19
BRDA:36,0,0,11
BRDA:57,1,0,4
BRDA:57,1,1,17
BRDA:57,2,0,21
BRDA:57,2,1,18
BRDA:58,3,0,3
BRDA:58,3,1,14
BRDA:58,4,0,17
BRDA:58,4,1,15
BRDA:68,5,0,4
BRDA:68,5,1,11
BRDA:68,6,0,15
BRDA:68,6,1,12
BRDA:80,7,0,4
BRDA:80,7,1,9
BRDA:80,8,0,13
BRDA:80,8,1,10
BRDA:85,9,0,2
BRDA:85,9,1,7
BRDA:89,10,0,1
BRDA:89,10,1,8
BRF:21
BRH:21
end_of_record
